<?xml version="1.0" encoding="UTF-8"?>
<!-- Generated by org.testng.reporters.JUnitXMLReporter -->
<testsuite ignored="0" hostname="DESKTOP-T13705B" failures="1" tests="1" name="Test" time="8.872" errors="0" timestamp="2024-03-07T11:36:14 IST">
  <testcase classname="com.learn.testCases.LoginTestDrivenData" name="verifyLogin" time="0.0">
    <failure type="java.lang.RuntimeException" message="java.lang.NegativeArraySizeException: -1">
      <![CDATA[java.lang.RuntimeException: java.lang.NegativeArraySizeException: -1
at java.base/java.util.ArrayList.forEach(ArrayList.java:1511)
Caused by: java.lang.NegativeArraySizeException: -1
at com.learn.testCases.LoginTestDrivenData.LoginDataProvider(LoginTestDrivenData.java:70)
... 25 more
... Removed 32 stack frames]]>
    </failure>
  </testcase> <!-- verifyLogin -->
</testsuite> <!-- Test -->
